2025-07-31 11:33:04 - INFO - Found credentials in shared credentials file: ~/.aws/credentials
2025-07-31 11:33:10 - WARNING - ⚠️ No healthy instances found in target group.
2025-07-31 11:33:11 - INFO - ✅ CloudWatch dashboard updated for instances: []
2025-07-31 11:33:11 - INFO - All running instances: ['i-0851a236955f56eb9']
2025-07-31 11:33:11 - INFO - Primary (protected) instances: ['i-0851a236955f56eb9']
2025-07-31 11:33:11 - INFO - Published running instances count: 1
2025-07-31 11:33:11 - INFO - Instance i-0851a236955f56eb9 - Timestamp (UK): 2025-07-31 11:30:00, Avg CPU: 13.75%
2025-07-31 11:33:11 - INFO - Overall average CPU utilization: 13.75%
2025-07-31 11:33:11 - INFO - No non-primary instances to stop. Skipping.
2025-07-31 11:36:05 - INFO - Found credentials in shared credentials file: ~/.aws/credentials
2025-07-31 11:36:12 - WARNING - ⚠️ No healthy instances found in target group.
2025-07-31 11:36:12 - INFO - ✅ CloudWatch dashboard updated for instances: []
2025-07-31 11:36:13 - INFO - All running instances: ['i-0851a236955f56eb9']
2025-07-31 11:36:13 - INFO - Primary (protected) instances: ['i-0851a236955f56eb9']
2025-07-31 11:36:13 - INFO - Published running instances count: 1
2025-07-31 11:36:13 - INFO - No CPU data for instance i-0851a236955f56eb9. Assuming 0%.
2025-07-31 11:36:13 - INFO - Overall average CPU utilization: 0.00%
2025-07-31 11:36:13 - INFO - No non-primary instances to stop. Skipping.
2025-07-31 11:39:04 - INFO - Found credentials in shared credentials file: ~/.aws/credentials
2025-07-31 11:39:11 - WARNING - ⚠️ No healthy instances found in target group.
2025-07-31 11:39:12 - INFO - ✅ CloudWatch dashboard updated for instances: []
2025-07-31 11:39:13 - INFO - All running instances: ['i-0851a236955f56eb9']
2025-07-31 11:39:13 - INFO - Primary (protected) instances: ['i-0851a236955f56eb9']
2025-07-31 11:39:13 - INFO - Published running instances count: 1
2025-07-31 11:39:13 - INFO - Instance i-0851a236955f56eb9 - Timestamp (UK): 2025-07-31 11:35:00, Avg CPU: 1.07%
2025-07-31 11:39:13 - INFO - Overall average CPU utilization: 1.07%
2025-07-31 11:39:13 - INFO - No non-primary instances to stop. Skipping.
2025-07-31 11:42:05 - INFO - Found credentials in shared credentials file: ~/.aws/credentials
2025-07-31 11:42:14 - WARNING - ⚠️ No healthy instances found in target group.
2025-07-31 11:42:15 - INFO - ✅ CloudWatch dashboard updated for instances: []
2025-07-31 11:42:15 - INFO - All running instances: ['i-0851a236955f56eb9']
2025-07-31 11:42:15 - INFO - Primary (protected) instances: ['i-0851a236955f56eb9']
2025-07-31 11:42:15 - INFO - Published running instances count: 1
2025-07-31 11:42:15 - INFO - Instance i-0851a236955f56eb9 - Timestamp (UK): 2025-07-31 11:40:00, Avg CPU: 0.58%
2025-07-31 11:42:15 - INFO - Overall average CPU utilization: 0.58%
2025-07-31 11:42:15 - INFO - No non-primary instances to stop. Skipping.
2025-07-31 11:45:06 - INFO - Found credentials in shared credentials file: ~/.aws/credentials
2025-07-31 11:45:16 - INFO - ✅ CloudWatch dashboard updated for instances: ['i-0851a236955f56eb9']
2025-07-31 11:45:16 - INFO - All running instances: ['i-0851a236955f56eb9']
2025-07-31 11:45:16 - INFO - Primary (protected) instances: ['i-0851a236955f56eb9']
2025-07-31 11:45:16 - INFO - Published running instances count: 1
2025-07-31 11:45:16 - INFO - Instance i-0851a236955f56eb9 - Timestamp (UK): 2025-07-31 11:40:00, Avg CPU: 26.89%
2025-07-31 11:45:16 - INFO - Overall average CPU utilization: 26.89%
2025-07-31 11:45:16 - INFO - No non-primary instances to stop. Skipping.
2025-07-31 11:48:06 - INFO - Found credentials in shared credentials file: ~/.aws/credentials
2025-07-31 11:48:16 - INFO - ✅ CloudWatch dashboard updated for instances: ['i-0851a236955f56eb9']
2025-07-31 11:48:17 - INFO - All running instances: ['i-0851a236955f56eb9']
2025-07-31 11:48:17 - INFO - Primary (protected) instances: ['i-0851a236955f56eb9']
2025-07-31 11:48:17 - INFO - Published running instances count: 1
2025-07-31 11:48:17 - INFO - Instance i-0851a236955f56eb9 - Timestamp (UK): 2025-07-31 11:45:00, Avg CPU: 74.22%
2025-07-31 11:48:17 - INFO - Overall average CPU utilization: 74.22%
2025-07-31 11:48:17 - INFO - SCALE UP triggered. Checking for stopped instances.
2025-07-31 11:48:17 - INFO - No stopped instances found. Launching new instance.
2025-07-31 11:48:18 - INFO - Launched new instance: i-02bf1f4ff4e1fcf6d
2025-07-31 11:48:18 - INFO - Waiting for instance i-02bf1f4ff4e1fcf6d to be running and status OK...
2025-07-31 11:50:23 - INFO - Instance i-02bf1f4ff4e1fcf6d is running and status OK.
2025-07-31 11:50:23 - INFO - Registered i-02bf1f4ff4e1fcf6d with target group.
2025-07-31 11:50:23 - INFO - Waiting for instance i-02bf1f4ff4e1fcf6d to become healthy in target group...
2025-07-31 11:50:38 - INFO - Instance i-02bf1f4ff4e1fcf6d is healthy in target group.
2025-07-31 11:50:38 - INFO - Instance i-02bf1f4ff4e1fcf6d is healthy and ready.
2025-07-31 11:50:39 - INFO - Published scaling metric: ScaleUp for instance i-02bf1f4ff4e1fcf6d
2025-07-31 11:51:06 - INFO - Found credentials in shared credentials file: ~/.aws/credentials
2025-07-31 11:51:17 - INFO - ✅ CloudWatch dashboard updated for instances: ['i-02bf1f4ff4e1fcf6d', 'i-0851a236955f56eb9']
2025-07-31 11:51:17 - INFO - All running instances: ['i-0851a236955f56eb9', 'i-02bf1f4ff4e1fcf6d']
2025-07-31 11:51:17 - INFO - Primary (protected) instances: ['i-0851a236955f56eb9']
2025-07-31 11:51:17 - INFO - Published running instances count: 2
2025-07-31 11:51:17 - INFO - Instance i-0851a236955f56eb9 - Timestamp (UK): 2025-07-31 11:50:00, Avg CPU: 72.56%
2025-07-31 11:51:17 - INFO - Instance i-02bf1f4ff4e1fcf6d - Timestamp (UK): 2025-07-31 11:50:00, Avg CPU: 0.21%
2025-07-31 11:51:17 - INFO - Overall average CPU utilization: 36.38%
2025-07-31 11:51:17 - INFO - NO SCALING – CPU usage within acceptable range.
2025-07-31 11:54:04 - INFO - Found credentials in shared credentials file: ~/.aws/credentials
2025-07-31 11:54:11 - INFO - ✅ CloudWatch dashboard updated for instances: ['i-02bf1f4ff4e1fcf6d', 'i-0851a236955f56eb9']
2025-07-31 11:54:11 - INFO - All running instances: ['i-0851a236955f56eb9', 'i-02bf1f4ff4e1fcf6d']
2025-07-31 11:54:11 - INFO - Primary (protected) instances: ['i-0851a236955f56eb9']
2025-07-31 11:54:11 - INFO - Published running instances count: 2
2025-07-31 11:54:11 - INFO - Instance i-0851a236955f56eb9 - Timestamp (UK): 2025-07-31 11:50:00, Avg CPU: 32.34%
2025-07-31 11:54:11 - INFO - Instance i-02bf1f4ff4e1fcf6d - Timestamp (UK): 2025-07-31 11:50:00, Avg CPU: 12.39%
2025-07-31 11:54:11 - INFO - Overall average CPU utilization: 22.36%
2025-07-31 11:54:11 - INFO - SCALE DOWN: Stopping i-02bf1f4ff4e1fcf6d
2025-07-31 11:54:12 - INFO - Published scaling metric: ScaleDown for instance i-02bf1f4ff4e1fcf6d
2025-07-31 11:57:05 - INFO - Found credentials in shared credentials file: ~/.aws/credentials
2025-07-31 11:57:12 - INFO - ✅ CloudWatch dashboard updated for instances: ['i-0851a236955f56eb9']
2025-07-31 11:57:12 - INFO - All running instances: ['i-0851a236955f56eb9']
2025-07-31 11:57:12 - INFO - Primary (protected) instances: ['i-0851a236955f56eb9']
2025-07-31 11:57:12 - INFO - Published running instances count: 1
2025-07-31 11:57:12 - INFO - Instance i-0851a236955f56eb9 - Timestamp (UK): 2025-07-31 11:55:00, Avg CPU: 0.64%
2025-07-31 11:57:12 - INFO - Overall average CPU utilization: 0.64%
2025-07-31 11:57:12 - INFO - No non-primary instances to stop. Skipping.
